app/build/intermediates/manifest_merge_blame_file/debug/manifest-merger-blame-debug-report.txt
1<?xml version="1.0" encoding="utf-8"?>
2<manifest xmlns:android="http://schemas.android.com/apk/res/android"
3    package="com.example.busticketing"
4    android:versionCode="1"
5    android:versionName="1.0" >
6
7    <uses-sdk
8        android:minSdkVersion="21"
8-->src\main\AndroidManifest.xml
9        android:targetSdkVersion="33" />
9-->src\main\AndroidManifest.xml
10    <!-- permissions for INTERNET -->
11    <uses-permission android:name="android.permission.INTERNET" />
11-->src\main\AndroidManifest.xml:5:5-67
11-->src\main\AndroidManifest.xml:5:22-64
12
13    <!-- Include required permissions for Google Maps API to run. -->
14    <uses-permission android:name="android.permission.ACCESS_NETWORK_STATE" />
14-->[com.google.android.gms:play-services-maps:18.1.0] AndroidManifest.xml:23:5-79
14-->[com.google.android.gms:play-services-maps:18.1.0] AndroidManifest.xml:23:22-76
15
16    <uses-feature
16-->[com.google.android.gms:play-services-maps:18.1.0] AndroidManifest.xml:26:5-28:35
17        android:glEsVersion="0x00020000"
17-->[com.google.android.gms:play-services-maps:18.1.0] AndroidManifest.xml:27:9-41
18        android:required="true" />
18-->[com.google.android.gms:play-services-maps:18.1.0] AndroidManifest.xml:28:9-32
19
20    <queries>
20-->[com.google.android.gms:play-services-maps:18.1.0] AndroidManifest.xml:30:5-34:15
21
22        <!-- Needs to be explicitly declared on Android R+ -->
23        <package android:name="com.google.android.apps.maps" />
23-->[com.google.android.gms:play-services-maps:18.1.0] AndroidManifest.xml:33:9-64
23-->[com.google.android.gms:play-services-maps:18.1.0] AndroidManifest.xml:33:18-61
24    </queries>
25
26    <permission
26-->[androidx.core:core:1.9.0] AndroidManifest.xml:22:5-24:47
27        android:name="com.example.busticketing.DYNAMIC_RECEIVER_NOT_EXPORTED_PERMISSION"
27-->[androidx.core:core:1.9.0] AndroidManifest.xml:23:9-81
28        android:protectionLevel="signature" />
28-->[androidx.core:core:1.9.0] AndroidManifest.xml:24:9-44
29
30    <uses-permission android:name="com.example.busticketing.DYNAMIC_RECEIVER_NOT_EXPORTED_PERMISSION" />
30-->[androidx.core:core:1.9.0] AndroidManifest.xml:26:5-97
30-->[androidx.core:core:1.9.0] AndroidManifest.xml:26:22-94
31
32    <application
32-->src\main\AndroidManifest.xml:7:5-81:19
33        android:allowBackup="true"
33-->src\main\AndroidManifest.xml:8:9-35
34        android:appComponentFactory="androidx.core.app.CoreComponentFactory"
34-->[androidx.core:core:1.9.0] AndroidManifest.xml:28:18-86
35        android:dataExtractionRules="@xml/data_extraction_rules"
35-->src\main\AndroidManifest.xml:9:9-65
36        android:debuggable="true"
37        android:fullBackupContent="@xml/backup_rules"
37-->src\main\AndroidManifest.xml:10:9-54
38        android:icon="@mipmap/ic_launcher"
38-->src\main\AndroidManifest.xml:11:9-43
39        android:label="Bus Ticket"
39-->src\main\AndroidManifest.xml:12:9-35
40        android:roundIcon="@mipmap/ic_launcher_round"
40-->src\main\AndroidManifest.xml:13:9-54
41        android:supportsRtl="true"
41-->src\main\AndroidManifest.xml:14:9-35
42        android:testOnly="true"
43        android:theme="@style/Theme.Busticketing"
43-->src\main\AndroidManifest.xml:15:9-50
44        android:usesCleartextTraffic="true" >
44-->src\main\AndroidManifest.xml:16:9-44
45        <activity
45-->src\main\AndroidManifest.xml:18:9-24:20
46            android:name="com.example.busticketing.rute"
46-->src\main\AndroidManifest.xml:19:13-33
47            android:exported="false" >
47-->src\main\AndroidManifest.xml:20:13-37
48            <meta-data
48-->src\main\AndroidManifest.xml:21:13-23:36
49                android:name="android.app.lib_name"
49-->src\main\AndroidManifest.xml:22:17-52
50                android:value="" />
50-->src\main\AndroidManifest.xml:23:17-33
51        </activity>
52        <activity
52-->src\main\AndroidManifest.xml:25:9-31:20
53            android:name="com.example.busticketing.reservation"
53-->src\main\AndroidManifest.xml:26:13-40
54            android:exported="false" >
54-->src\main\AndroidManifest.xml:27:13-37
55            <meta-data
55-->src\main\AndroidManifest.xml:21:13-23:36
56                android:name="android.app.lib_name"
56-->src\main\AndroidManifest.xml:22:17-52
57                android:value="" />
57-->src\main\AndroidManifest.xml:23:17-33
58        </activity>
59        <activity
59-->src\main\AndroidManifest.xml:32:9-44:20
60            android:name="com.example.busticketing.register"
60-->src\main\AndroidManifest.xml:33:13-37
61            android:exported="true" >
61-->src\main\AndroidManifest.xml:34:13-36
62            <intent-filter>
62-->src\main\AndroidManifest.xml:35:13-39:29
63                <action android:name="android.intent.action.MAIN" />
63-->src\main\AndroidManifest.xml:36:17-69
63-->src\main\AndroidManifest.xml:36:25-66
64
65                <category android:name="android.intent.category.LAUNCHER" />
65-->src\main\AndroidManifest.xml:38:17-77
65-->src\main\AndroidManifest.xml:38:27-74
66            </intent-filter>
67
68            <meta-data
68-->src\main\AndroidManifest.xml:21:13-23:36
69                android:name="android.app.lib_name"
69-->src\main\AndroidManifest.xml:22:17-52
70                android:value="" />
70-->src\main\AndroidManifest.xml:23:17-33
71        </activity>
72        <activity
72-->src\main\AndroidManifest.xml:45:9-51:20
73            android:name="com.example.busticketing.login"
73-->src\main\AndroidManifest.xml:46:13-34
74            android:exported="false" >
74-->src\main\AndroidManifest.xml:47:13-37
75            <meta-data
75-->src\main\AndroidManifest.xml:21:13-23:36
76                android:name="android.app.lib_name"
76-->src\main\AndroidManifest.xml:22:17-52
77                android:value="" />
77-->src\main\AndroidManifest.xml:23:17-33
78        </activity>
79        <activity
79-->src\main\AndroidManifest.xml:52:9-58:20
80            android:name="com.example.busticketing.dashboard"
80-->src\main\AndroidManifest.xml:53:13-38
81            android:exported="false" >
81-->src\main\AndroidManifest.xml:54:13-37
82            <meta-data
82-->src\main\AndroidManifest.xml:21:13-23:36
83                android:name="android.app.lib_name"
83-->src\main\AndroidManifest.xml:22:17-52
84                android:value="" />
84-->src\main\AndroidManifest.xml:23:17-33
85        </activity>
86        <!--
87             TODO: Before you run your application, you need a Google Maps API key.
88
89             To get one, follow the directions here:
90
91                https://developers.google.com/maps/documentation/android-sdk/get-api-key
92
93             Once you have your API key (it starts with "AIza"), define a new property in your
94             project's local.properties file (e.g. MAPS_API_KEY=Aiza...), and replace the
95             "YOUR_API_KEY" string in this file with "${MAPS_API_KEY}".
96        -->
97        <meta-data
97-->src\main\AndroidManifest.xml:70:9-72:71
98            android:name="com.google.android.geo.API_KEY"
98-->src\main\AndroidManifest.xml:71:13-58
99            android:value="AIzaSyBWG4O8xsxhrEid5VPWsx2gSIA4QigF7vs" />
99-->src\main\AndroidManifest.xml:72:13-68
100
101        <activity
101-->src\main\AndroidManifest.xml:74:9-80:20
102            android:name="com.example.busticketing.MainActivity"
102-->src\main\AndroidManifest.xml:75:13-41
103            android:exported="false" >
103-->src\main\AndroidManifest.xml:76:13-37
104            <meta-data
104-->src\main\AndroidManifest.xml:21:13-23:36
105                android:name="android.app.lib_name"
105-->src\main\AndroidManifest.xml:22:17-52
106                android:value="" />
106-->src\main\AndroidManifest.xml:23:17-33
107        </activity>
108        <!-- Needs to be explicitly declared on P+ -->
109        <uses-library
109-->[com.google.android.gms:play-services-maps:18.1.0] AndroidManifest.xml:39:9-41:40
110            android:name="org.apache.http.legacy"
110-->[com.google.android.gms:play-services-maps:18.1.0] AndroidManifest.xml:40:13-50
111            android:required="false" />
111-->[com.google.android.gms:play-services-maps:18.1.0] AndroidManifest.xml:41:13-37
112
113        <activity
113-->[com.google.android.gms:play-services-base:18.0.1] AndroidManifest.xml:20:9-22:45
114            android:name="com.google.android.gms.common.api.GoogleApiActivity"
114-->[com.google.android.gms:play-services-base:18.0.1] AndroidManifest.xml:20:19-85
115            android:exported="false"
115-->[com.google.android.gms:play-services-base:18.0.1] AndroidManifest.xml:22:19-43
116            android:theme="@android:style/Theme.Translucent.NoTitleBar" />
116-->[com.google.android.gms:play-services-base:18.0.1] AndroidManifest.xml:21:19-78
117
118        <meta-data
118-->[com.google.android.gms:play-services-basement:18.0.0] AndroidManifest.xml:21:9-23:69
119            android:name="com.google.android.gms.version"
119-->[com.google.android.gms:play-services-basement:18.0.0] AndroidManifest.xml:22:13-58
120            android:value="@integer/google_play_services_version" />
120-->[com.google.android.gms:play-services-basement:18.0.0] AndroidManifest.xml:23:13-66
121
122        <provider
122-->[androidx.emoji2:emoji2:1.2.0] AndroidManifest.xml:24:9-32:20
123            android:name="androidx.startup.InitializationProvider"
123-->[androidx.emoji2:emoji2:1.2.0] AndroidManifest.xml:25:13-67
124            android:authorities="com.example.busticketing.androidx-startup"
124-->[androidx.emoji2:emoji2:1.2.0] AndroidManifest.xml:26:13-68
125            android:exported="false" >
125-->[androidx.emoji2:emoji2:1.2.0] AndroidManifest.xml:27:13-37
126            <meta-data
126-->[androidx.emoji2:emoji2:1.2.0] AndroidManifest.xml:29:13-31:52
127                android:name="androidx.emoji2.text.EmojiCompatInitializer"
127-->[androidx.emoji2:emoji2:1.2.0] AndroidManifest.xml:30:17-75
128                android:value="androidx.startup" />
128-->[androidx.emoji2:emoji2:1.2.0] AndroidManifest.xml:31:17-49
129            <meta-data
129-->[androidx.lifecycle:lifecycle-process:2.4.1] AndroidManifest.xml:31:13-33:52
130                android:name="androidx.lifecycle.ProcessLifecycleInitializer"
130-->[androidx.lifecycle:lifecycle-process:2.4.1] AndroidManifest.xml:32:17-78
131                android:value="androidx.startup" />
131-->[androidx.lifecycle:lifecycle-process:2.4.1] AndroidManifest.xml:33:17-49
132        </provider>
133    </application>
134
135</manifest>